mode: set
github.com/LeonardoGrigolettoDev/pick-event-api.git/controllers/auth_controller.go:12.28,19.51 2 0
github.com/LeonardoGrigolettoDev/pick-event-api.git/controllers/auth_controller.go:19.51,22.3 2 0
github.com/LeonardoGrigolettoDev/pick-event-api.git/controllers/auth_controller.go:25.2,26.16 2 0
github.com/LeonardoGrigolettoDev/pick-event-api.git/controllers/auth_controller.go:26.16,29.3 2 0
github.com/LeonardoGrigolettoDev/pick-event-api.git/controllers/auth_controller.go:31.2,31.46 1 0
github.com/LeonardoGrigolettoDev/pick-event-api.git/controllers/device_controller.go:12.33,14.16 2 0
github.com/LeonardoGrigolettoDev/pick-event-api.git/controllers/device_controller.go:14.16,17.3 2 0
github.com/LeonardoGrigolettoDev/pick-event-api.git/controllers/device_controller.go:18.2,18.32 1 0
github.com/LeonardoGrigolettoDev/pick-event-api.git/controllers/device_controller.go:21.36,24.16 3 0
github.com/LeonardoGrigolettoDev/pick-event-api.git/controllers/device_controller.go:24.16,27.3 2 0
github.com/LeonardoGrigolettoDev/pick-event-api.git/controllers/device_controller.go:28.2,28.31 1 0
github.com/LeonardoGrigolettoDev/pick-event-api.git/controllers/device_controller.go:31.35,33.50 2 0
github.com/LeonardoGrigolettoDev/pick-event-api.git/controllers/device_controller.go:33.50,36.3 2 0
github.com/LeonardoGrigolettoDev/pick-event-api.git/controllers/device_controller.go:37.2,37.55 1 0
github.com/LeonardoGrigolettoDev/pick-event-api.git/controllers/device_controller.go:37.55,40.3 2 0
github.com/LeonardoGrigolettoDev/pick-event-api.git/controllers/device_controller.go:41.2,41.21 1 0
github.com/LeonardoGrigolettoDev/pick-event-api.git/controllers/device_controller.go:42.18,43.23 1 0
github.com/LeonardoGrigolettoDev/pick-event-api.git/controllers/device_controller.go:43.23,46.4 2 0
github.com/LeonardoGrigolettoDev/pick-event-api.git/controllers/device_controller.go:47.12,48.8 1 0
github.com/LeonardoGrigolettoDev/pick-event-api.git/controllers/device_controller.go:49.10,51.9 2 0
github.com/LeonardoGrigolettoDev/pick-event-api.git/controllers/device_controller.go:53.2,53.36 1 0
github.com/LeonardoGrigolettoDev/pick-event-api.git/controllers/device_controller.go:56.35,59.50 3 0
github.com/LeonardoGrigolettoDev/pick-event-api.git/controllers/device_controller.go:59.50,62.3 2 0
github.com/LeonardoGrigolettoDev/pick-event-api.git/controllers/device_controller.go:63.2,64.55 2 0
github.com/LeonardoGrigolettoDev/pick-event-api.git/controllers/device_controller.go:64.55,67.3 2 0
github.com/LeonardoGrigolettoDev/pick-event-api.git/controllers/device_controller.go:68.2,68.31 1 0
github.com/LeonardoGrigolettoDev/pick-event-api.git/controllers/device_controller.go:71.35,73.50 2 0
github.com/LeonardoGrigolettoDev/pick-event-api.git/controllers/device_controller.go:73.50,76.3 2 0
github.com/LeonardoGrigolettoDev/pick-event-api.git/controllers/device_controller.go:77.2,77.45 1 0
github.com/LeonardoGrigolettoDev/pick-event-api.git/controllers/encode_controller.go:19.33,21.16 2 0
github.com/LeonardoGrigolettoDev/pick-event-api.git/controllers/encode_controller.go:21.16,24.3 2 0
github.com/LeonardoGrigolettoDev/pick-event-api.git/controllers/encode_controller.go:25.2,25.32 1 0
github.com/LeonardoGrigolettoDev/pick-event-api.git/controllers/encode_controller.go:28.36,31.16 3 0
github.com/LeonardoGrigolettoDev/pick-event-api.git/controllers/encode_controller.go:31.16,34.3 2 0
github.com/LeonardoGrigolettoDev/pick-event-api.git/controllers/encode_controller.go:35.2,35.31 1 0
github.com/LeonardoGrigolettoDev/pick-event-api.git/controllers/encode_controller.go:38.35,40.50 2 0
github.com/LeonardoGrigolettoDev/pick-event-api.git/controllers/encode_controller.go:40.50,43.3 2 0
github.com/LeonardoGrigolettoDev/pick-event-api.git/controllers/encode_controller.go:44.2,44.55 1 0
github.com/LeonardoGrigolettoDev/pick-event-api.git/controllers/encode_controller.go:44.55,47.3 2 0
github.com/LeonardoGrigolettoDev/pick-event-api.git/controllers/encode_controller.go:48.2,48.36 1 0
github.com/LeonardoGrigolettoDev/pick-event-api.git/controllers/encode_controller.go:51.37,54.23 3 0
github.com/LeonardoGrigolettoDev/pick-event-api.git/controllers/encode_controller.go:54.23,57.3 2 0
github.com/LeonardoGrigolettoDev/pick-event-api.git/controllers/encode_controller.go:59.2,59.23 1 0
github.com/LeonardoGrigolettoDev/pick-event-api.git/controllers/encode_controller.go:60.16,62.17 2 0
github.com/LeonardoGrigolettoDev/pick-event-api.git/controllers/encode_controller.go:62.17,65.4 2 0
github.com/LeonardoGrigolettoDev/pick-event-api.git/controllers/encode_controller.go:66.3,70.17 4 0
github.com/LeonardoGrigolettoDev/pick-event-api.git/controllers/encode_controller.go:70.17,73.4 2 0
github.com/LeonardoGrigolettoDev/pick-event-api.git/controllers/encode_controller.go:75.3,76.17 2 0
github.com/LeonardoGrigolettoDev/pick-event-api.git/controllers/encode_controller.go:76.17,79.4 2 0
github.com/LeonardoGrigolettoDev/pick-event-api.git/controllers/encode_controller.go:80.3,81.17 2 0
github.com/LeonardoGrigolettoDev/pick-event-api.git/controllers/encode_controller.go:81.17,84.4 2 0
github.com/LeonardoGrigolettoDev/pick-event-api.git/controllers/encode_controller.go:86.3,88.17 3 0
github.com/LeonardoGrigolettoDev/pick-event-api.git/controllers/encode_controller.go:88.17,91.4 2 0
github.com/LeonardoGrigolettoDev/pick-event-api.git/controllers/encode_controller.go:92.3,99.17 3 0
github.com/LeonardoGrigolettoDev/pick-event-api.git/controllers/encode_controller.go:99.17,103.4 3 0
github.com/LeonardoGrigolettoDev/pick-event-api.git/controllers/encode_controller.go:105.3,108.17 3 0
github.com/LeonardoGrigolettoDev/pick-event-api.git/controllers/encode_controller.go:108.17,112.4 3 0
github.com/LeonardoGrigolettoDev/pick-event-api.git/controllers/encode_controller.go:114.3,117.5 1 0
github.com/LeonardoGrigolettoDev/pick-event-api.git/controllers/encode_controller.go:118.10,122.5 1 0
github.com/LeonardoGrigolettoDev/pick-event-api.git/controllers/encode_controller.go:126.38,128.27 2 0
github.com/LeonardoGrigolettoDev/pick-event-api.git/controllers/encode_controller.go:128.27,131.3 2 0
github.com/LeonardoGrigolettoDev/pick-event-api.git/controllers/encode_controller.go:133.2,134.16 2 0
github.com/LeonardoGrigolettoDev/pick-event-api.git/controllers/encode_controller.go:134.16,137.3 2 0
github.com/LeonardoGrigolettoDev/pick-event-api.git/controllers/encode_controller.go:139.2,139.25 1 0
github.com/LeonardoGrigolettoDev/pick-event-api.git/controllers/encode_controller.go:140.16,142.17 2 0
github.com/LeonardoGrigolettoDev/pick-event-api.git/controllers/encode_controller.go:142.17,145.4 2 0
github.com/LeonardoGrigolettoDev/pick-event-api.git/controllers/encode_controller.go:146.3,151.17 4 0
github.com/LeonardoGrigolettoDev/pick-event-api.git/controllers/encode_controller.go:151.17,154.4 2 0
github.com/LeonardoGrigolettoDev/pick-event-api.git/controllers/encode_controller.go:155.3,156.17 2 0
github.com/LeonardoGrigolettoDev/pick-event-api.git/controllers/encode_controller.go:156.17,159.4 2 0
github.com/LeonardoGrigolettoDev/pick-event-api.git/controllers/encode_controller.go:161.3,171.17 4 0
github.com/LeonardoGrigolettoDev/pick-event-api.git/controllers/encode_controller.go:171.17,175.4 3 0
github.com/LeonardoGrigolettoDev/pick-event-api.git/controllers/encode_controller.go:177.3,179.17 3 0
github.com/LeonardoGrigolettoDev/pick-event-api.git/controllers/encode_controller.go:179.17,183.4 3 0
github.com/LeonardoGrigolettoDev/pick-event-api.git/controllers/encode_controller.go:185.3,188.5 1 0
github.com/LeonardoGrigolettoDev/pick-event-api.git/controllers/encode_controller.go:189.10,193.5 1 0
github.com/LeonardoGrigolettoDev/pick-event-api.git/controllers/encode_controller.go:197.35,200.50 3 0
github.com/LeonardoGrigolettoDev/pick-event-api.git/controllers/encode_controller.go:200.50,203.3 2 0
github.com/LeonardoGrigolettoDev/pick-event-api.git/controllers/encode_controller.go:204.2,205.55 2 0
github.com/LeonardoGrigolettoDev/pick-event-api.git/controllers/encode_controller.go:205.55,208.3 2 0
github.com/LeonardoGrigolettoDev/pick-event-api.git/controllers/encode_controller.go:209.2,209.31 1 0
github.com/LeonardoGrigolettoDev/pick-event-api.git/controllers/encode_controller.go:212.35,214.50 2 0
github.com/LeonardoGrigolettoDev/pick-event-api.git/controllers/encode_controller.go:214.50,217.3 2 0
github.com/LeonardoGrigolettoDev/pick-event-api.git/controllers/encode_controller.go:218.2,218.45 1 0
github.com/LeonardoGrigolettoDev/pick-event-api.git/controllers/entity_controller.go:13.34,15.16 2 0
github.com/LeonardoGrigolettoDev/pick-event-api.git/controllers/entity_controller.go:15.16,18.3 2 0
github.com/LeonardoGrigolettoDev/pick-event-api.git/controllers/entity_controller.go:19.2,19.33 1 0
github.com/LeonardoGrigolettoDev/pick-event-api.git/controllers/entity_controller.go:23.36,26.16 3 0
github.com/LeonardoGrigolettoDev/pick-event-api.git/controllers/entity_controller.go:26.16,29.3 2 0
github.com/LeonardoGrigolettoDev/pick-event-api.git/controllers/entity_controller.go:30.2,30.31 1 0
github.com/LeonardoGrigolettoDev/pick-event-api.git/controllers/entity_controller.go:34.35,36.49 2 0
github.com/LeonardoGrigolettoDev/pick-event-api.git/controllers/entity_controller.go:36.49,39.3 2 0
github.com/LeonardoGrigolettoDev/pick-event-api.git/controllers/entity_controller.go:40.2,40.55 1 0
github.com/LeonardoGrigolettoDev/pick-event-api.git/controllers/entity_controller.go:40.55,43.3 2 0
github.com/LeonardoGrigolettoDev/pick-event-api.git/controllers/entity_controller.go:44.2,44.36 1 0
github.com/LeonardoGrigolettoDev/pick-event-api.git/controllers/entity_controller.go:48.35,51.50 3 0
github.com/LeonardoGrigolettoDev/pick-event-api.git/controllers/entity_controller.go:51.50,54.3 2 0
github.com/LeonardoGrigolettoDev/pick-event-api.git/controllers/entity_controller.go:55.2,56.55 2 0
github.com/LeonardoGrigolettoDev/pick-event-api.git/controllers/entity_controller.go:56.55,59.3 2 0
github.com/LeonardoGrigolettoDev/pick-event-api.git/controllers/entity_controller.go:60.2,60.31 1 0
github.com/LeonardoGrigolettoDev/pick-event-api.git/controllers/entity_controller.go:64.35,66.50 2 0
github.com/LeonardoGrigolettoDev/pick-event-api.git/controllers/entity_controller.go:66.50,69.3 2 0
github.com/LeonardoGrigolettoDev/pick-event-api.git/controllers/entity_controller.go:70.2,70.45 1 0
github.com/LeonardoGrigolettoDev/pick-event-api.git/controllers/event_controller.go:26.32,28.16 2 1
github.com/LeonardoGrigolettoDev/pick-event-api.git/controllers/event_controller.go:28.16,31.3 2 0
github.com/LeonardoGrigolettoDev/pick-event-api.git/controllers/event_controller.go:32.2,32.31 1 1
github.com/LeonardoGrigolettoDev/pick-event-api.git/controllers/event_controller.go:36.35,39.16 3 1
github.com/LeonardoGrigolettoDev/pick-event-api.git/controllers/event_controller.go:39.16,42.3 2 0
github.com/LeonardoGrigolettoDev/pick-event-api.git/controllers/event_controller.go:43.2,43.31 1 1
github.com/LeonardoGrigolettoDev/pick-event-api.git/controllers/event_controller.go:46.36,51.41 4 1
github.com/LeonardoGrigolettoDev/pick-event-api.git/controllers/event_controller.go:51.41,54.3 2 0
github.com/LeonardoGrigolettoDev/pick-event-api.git/controllers/event_controller.go:56.2,56.16 1 1
github.com/LeonardoGrigolettoDev/pick-event-api.git/controllers/event_controller.go:56.16,57.28 1 0
github.com/LeonardoGrigolettoDev/pick-event-api.git/controllers/event_controller.go:57.28,60.4 2 0
github.com/LeonardoGrigolettoDev/pick-event-api.git/controllers/event_controller.go:63.2,63.19 1 1
github.com/LeonardoGrigolettoDev/pick-event-api.git/controllers/event_controller.go:64.16,65.3 1 1
github.com/LeonardoGrigolettoDev/pick-event-api.git/controllers/event_controller.go:65.3,67.18 2 1
github.com/LeonardoGrigolettoDev/pick-event-api.git/controllers/event_controller.go:67.18,70.5 2 0
github.com/LeonardoGrigolettoDev/pick-event-api.git/controllers/event_controller.go:71.4,75.18 4 1
github.com/LeonardoGrigolettoDev/pick-event-api.git/controllers/event_controller.go:75.18,78.5 2 0
github.com/LeonardoGrigolettoDev/pick-event-api.git/controllers/event_controller.go:79.4,79.22 1 1
github.com/LeonardoGrigolettoDev/pick-event-api.git/controllers/event_controller.go:80.23,82.19 2 1
github.com/LeonardoGrigolettoDev/pick-event-api.git/controllers/event_controller.go:82.19,85.6 2 0
github.com/LeonardoGrigolettoDev/pick-event-api.git/controllers/event_controller.go:87.5,97.19 4 1
github.com/LeonardoGrigolettoDev/pick-event-api.git/controllers/event_controller.go:97.19,101.6 3 0
github.com/LeonardoGrigolettoDev/pick-event-api.git/controllers/event_controller.go:103.5,105.19 3 1
github.com/LeonardoGrigolettoDev/pick-event-api.git/controllers/event_controller.go:105.19,109.6 3 0
github.com/LeonardoGrigolettoDev/pick-event-api.git/controllers/event_controller.go:111.5,114.7 1 0
github.com/LeonardoGrigolettoDev/pick-event-api.git/controllers/event_controller.go:116.12,118.11 2 0
github.com/LeonardoGrigolettoDev/pick-event-api.git/controllers/event_controller.go:121.4,121.9 1 0
github.com/LeonardoGrigolettoDev/pick-event-api.git/controllers/event_controller.go:124.16,126.9 2 0
github.com/LeonardoGrigolettoDev/pick-event-api.git/controllers/event_controller.go:127.10,129.9 2 0
github.com/LeonardoGrigolettoDev/pick-event-api.git/controllers/event_controller.go:133.34,136.49 3 1
github.com/LeonardoGrigolettoDev/pick-event-api.git/controllers/event_controller.go:136.49,139.3 2 0
github.com/LeonardoGrigolettoDev/pick-event-api.git/controllers/event_controller.go:140.2,141.48 2 1
github.com/LeonardoGrigolettoDev/pick-event-api.git/controllers/event_controller.go:141.48,144.3 2 0
github.com/LeonardoGrigolettoDev/pick-event-api.git/controllers/event_controller.go:145.2,145.30 1 1
github.com/LeonardoGrigolettoDev/pick-event-api.git/controllers/event_controller.go:149.34,151.44 2 1
github.com/LeonardoGrigolettoDev/pick-event-api.git/controllers/event_controller.go:151.44,154.3 2 0
github.com/LeonardoGrigolettoDev/pick-event-api.git/controllers/event_controller.go:155.2,155.45 1 1
github.com/LeonardoGrigolettoDev/pick-event-api.git/controllers/period_controller.go:13.33,15.16 2 0
github.com/LeonardoGrigolettoDev/pick-event-api.git/controllers/period_controller.go:15.16,18.3 2 0
github.com/LeonardoGrigolettoDev/pick-event-api.git/controllers/period_controller.go:19.2,19.32 1 0
github.com/LeonardoGrigolettoDev/pick-event-api.git/controllers/period_controller.go:23.36,26.16 3 0
github.com/LeonardoGrigolettoDev/pick-event-api.git/controllers/period_controller.go:26.16,29.3 2 0
github.com/LeonardoGrigolettoDev/pick-event-api.git/controllers/period_controller.go:30.2,30.31 1 0
github.com/LeonardoGrigolettoDev/pick-event-api.git/controllers/period_controller.go:34.35,36.49 2 0
github.com/LeonardoGrigolettoDev/pick-event-api.git/controllers/period_controller.go:36.49,39.3 2 0
github.com/LeonardoGrigolettoDev/pick-event-api.git/controllers/period_controller.go:40.2,40.55 1 0
github.com/LeonardoGrigolettoDev/pick-event-api.git/controllers/period_controller.go:40.55,43.3 2 0
github.com/LeonardoGrigolettoDev/pick-event-api.git/controllers/period_controller.go:44.2,44.36 1 0
github.com/LeonardoGrigolettoDev/pick-event-api.git/controllers/period_controller.go:48.35,51.50 3 0
github.com/LeonardoGrigolettoDev/pick-event-api.git/controllers/period_controller.go:51.50,54.3 2 0
github.com/LeonardoGrigolettoDev/pick-event-api.git/controllers/period_controller.go:55.2,56.55 2 0
github.com/LeonardoGrigolettoDev/pick-event-api.git/controllers/period_controller.go:56.55,59.3 2 0
github.com/LeonardoGrigolettoDev/pick-event-api.git/controllers/period_controller.go:60.2,60.31 1 0
github.com/LeonardoGrigolettoDev/pick-event-api.git/controllers/period_controller.go:64.35,66.50 2 0
github.com/LeonardoGrigolettoDev/pick-event-api.git/controllers/period_controller.go:66.50,69.3 2 0
github.com/LeonardoGrigolettoDev/pick-event-api.git/controllers/period_controller.go:70.2,70.45 1 0
github.com/LeonardoGrigolettoDev/pick-event-api.git/controllers/user_controller.go:13.35,17.48 2 0
github.com/LeonardoGrigolettoDev/pick-event-api.git/controllers/user_controller.go:17.48,20.3 2 0
github.com/LeonardoGrigolettoDev/pick-event-api.git/controllers/user_controller.go:23.2,24.16 2 0
github.com/LeonardoGrigolettoDev/pick-event-api.git/controllers/user_controller.go:24.16,27.3 2 0
github.com/LeonardoGrigolettoDev/pick-event-api.git/controllers/user_controller.go:29.2,29.51 1 0
github.com/LeonardoGrigolettoDev/pick-event-api.git/controllers/user_controller.go:33.31,35.16 2 0
github.com/LeonardoGrigolettoDev/pick-event-api.git/controllers/user_controller.go:35.16,38.3 2 0
github.com/LeonardoGrigolettoDev/pick-event-api.git/controllers/user_controller.go:39.2,39.30 1 0
github.com/LeonardoGrigolettoDev/pick-event-api.git/controllers/user_controller.go:43.34,46.16 3 0
github.com/LeonardoGrigolettoDev/pick-event-api.git/controllers/user_controller.go:46.16,49.3 2 0
github.com/LeonardoGrigolettoDev/pick-event-api.git/controllers/user_controller.go:50.2,50.29 1 0
github.com/LeonardoGrigolettoDev/pick-event-api.git/controllers/user_controller.go:54.33,56.48 2 0
github.com/LeonardoGrigolettoDev/pick-event-api.git/controllers/user_controller.go:56.48,59.3 2 0
github.com/LeonardoGrigolettoDev/pick-event-api.git/controllers/user_controller.go:60.2,60.51 1 0
github.com/LeonardoGrigolettoDev/pick-event-api.git/controllers/user_controller.go:60.51,63.3 2 0
github.com/LeonardoGrigolettoDev/pick-event-api.git/controllers/user_controller.go:64.2,64.34 1 0
github.com/LeonardoGrigolettoDev/pick-event-api.git/controllers/user_controller.go:68.33,71.48 3 0
github.com/LeonardoGrigolettoDev/pick-event-api.git/controllers/user_controller.go:71.48,74.3 2 0
github.com/LeonardoGrigolettoDev/pick-event-api.git/controllers/user_controller.go:75.2,76.51 2 0
github.com/LeonardoGrigolettoDev/pick-event-api.git/controllers/user_controller.go:76.51,79.3 2 0
github.com/LeonardoGrigolettoDev/pick-event-api.git/controllers/user_controller.go:80.2,80.29 1 0
github.com/LeonardoGrigolettoDev/pick-event-api.git/controllers/user_controller.go:84.33,86.54 2 0
github.com/LeonardoGrigolettoDev/pick-event-api.git/controllers/user_controller.go:86.54,89.3 2 0
github.com/LeonardoGrigolettoDev/pick-event-api.git/controllers/user_controller.go:90.2,90.45 1 0
